⠋ preparing local preview...
[2K[1A[2K[G⠙ preparing local preview...
[2K[1A[2K[G⠹ preparing local preview...
[2K[1A[2K[G⠸ preparing local preview...
[2K[1A[2K[G⠼ preparing local preview...
[2K[1A[2K[G⠴ preparing local preview...
[2K[1A[2K[G⠦ preparing local preview...
[2K[1A[2K[G⠧ preparing local preview...
[2K[1A[2K[G⠇ preparing local preview...
[2K[1A[2K[G⠏ preparing local preview...
[2K[1A[2K[G⠋ preparing local preview...
[2K[1A[2K[G⠙ preparing local preview...
[2K[1A[2K[G⠹ preparing local preview...
[2K[1A[2K[G⠸ preparing local preview...
[2K[1A[2K[G⠼ preparing local preview...
[2K[1A[2K[G⠴ preparing local preview...
[2K[1A[2K[G⠦ preparing local preview...
[2K[1A[2K[G⠧ preparing local preview...
[2K[1A[2K[G⠇ preparing local preview...
[2K[1A[2K[G⠏ preparing local preview...
[2K[1A[2K[G⠋ preparing local preview...
[2K[1A[2K[G⠙ preparing local preview...
[2K[1A[2K[G⠹ preparing local preview...
[2K[1A[2K[G⠸ preparing local preview...
[2K[1A[2K[G⠼ preparing local preview...
[2K[1A[2K[G⠴ preparing local preview...
[2K[1A[2K[G⠦ preparing local preview...
[2K[1A[2K[G⠧ preparing local preview...
[2K[1A[2K[G⠇ preparing local preview...
[2K[1A[2K[G⠏ preparing local preview...
[2K[1A[2K[G⠋ preparing local preview...
[2K[1A[2K[G⠙ preparing local preview...
[2K[1A[2K[G⠹ preparing local preview...
[2K[1A[2K[G⠸ preparing local preview...
[2K[1A[2K[Gwarning - Error validating OpenAPI file /mint.json: Error: Failed to validate OpenAPI schema:Unknown path: Can’t find supported Swagger/OpenAPI version in specification, version must be a string.
⠸ preparing local preview...
[2K[1A[2K[G⠼ preparing local preview...
[2K[1A[2K[G⠴ preparing local preview...
[2K[1A[2K[G⠦ preparing local preview...
[2K[1A[2K[G⠧ preparing local preview...
[2K[1A[2K[G⠇ preparing local preview...
[2K[1A[2K[G⠏ preparing local preview...
[2K[1A[2K[G✓ preview ready

  local   → http://localhost:3005
  network → http://192.168.0.48:3005

press ctrl+c to exit the preview

[2K[1A[2K[1A[2K[1A[2K[1A[2K[1A[2K[1A[2K[1A[2K[G
✓ preview ready

  local   → http://localhost:3005
  network → http://192.168.0.48:3005

press ctrl+c to exit the preview

[2K[1A[2K[1A[2K[1A[2K[1A[2K[1A[2K[1A[2K[1A[2K[Gwarning - Error validating OpenAPI file /mint.json: Error: Failed to validate OpenAPI schema:Unknown path: Can’t find supported Swagger/OpenAPI version in specification, version must be a string.
✓ preview ready

  local   → http://localhost:3005
  network → http://192.168.0.48:3005

press ctrl+c to exit the preview

[2K[1A[2K[1A[2K[1A[2K[1A[2K[1A[2K[1A[2K[1A[2K[Gwarning - Error validating OpenAPI file /mint.json: Error: Failed to validate OpenAPI schema:Unknown path: Can’t find supported Swagger/OpenAPI version in specification, version must be a string.
✓ preview ready

  local   → http://localhost:3005
  network → http://192.168.0.48:3005

press ctrl+c to exit the preview

[2K[1A[2K[1A[2K[1A[2K[1A[2K[1A[2K[1A[2K[1A[2K[Gwarning - Error validating OpenAPI file /mint.json: Error: Failed to validate OpenAPI schema:Unknown path: Can’t find supported Swagger/OpenAPI version in specification, version must be a string.
✓ preview ready

  local   → http://localhost:3005
  network → http://192.168.0.48:3005

press ctrl+c to exit the preview

[2K[1A[2K[1A[2K[1A[2K[1A[2K[1A[2K[1A[2K[1A[2K[G✓ preview ready

  local   → http://localhost:3005
  network → http://192.168.0.48:3005

press ctrl+c to exit the preview

± changes
edited mint.json
[2K[1A[2K[1A[2K[1A[2K[1A[2K[1A[2K[1A[2K[1A[2K[1A[2K[1A[2K[Gwarning - Error validating OpenAPI file /mint.json: Error: Failed to validate OpenAPI schema:Unknown path: Can’t find supported Swagger/OpenAPI version in specification, version must be a string.
✓ preview ready

  local   → http://localhost:3005
  network → http://192.168.0.48:3005

press ctrl+c to exit the preview

± changes
edited mint.json
[2K[1A[2K[1A[2K[1A[2K[1A[2K[1A[2K[1A[2K[1A[2K[1A[2K[1A[2K[Gwarning - Error validating OpenAPI file /mint.json: Error: Failed to validate OpenAPI schema:Unknown path: Can’t find supported Swagger/OpenAPI version in specification, version must be a string.
✓ preview ready

  local   → http://localhost:3005
  network → http://192.168.0.48:3005

press ctrl+c to exit the preview

± changes
edited mint.json
[2K[1A[2K[1A[2K[1A[2K[1A[2K[1A[2K[1A[2K[1A[2K[1A[2K[1A[2K[Gwarning - Error validating OpenAPI file /mint.json: Error: Failed to validate OpenAPI schema:Unknown path: Can’t find supported Swagger/OpenAPI version in specification, version must be a string.
✓ preview ready

  local   → http://localhost:3005
  network → http://192.168.0.48:3005

press ctrl+c to exit the preview

± changes
edited mint.json
[2K[1A[2K[1A[2K[1A[2K[1A[2K[1A[2K[1A[2K[1A[2K[1A[2K[1A[2K[G✓ preview ready

  local   → http://localhost:3005
  network → http://192.168.0.48:3005

press ctrl+c to exit the preview

± changes
edited mint.json
edited mint.json
